<?xml version="1.0" encoding="UTF-8"?>
<!-- Generated by org.testng.reporters.JUnitReportReporter -->
<testsuite skipped="0" hostname="IX8J8MHL3" name="TestNGClasses.TestCase1" tests="3" failures="0" timestamp="2022-07-04T17:12:36 IST" time="34.581" errors="0">
  <testcase name="quiz4" time="15.480" classname="TestNGClasses.TestCase1"/>
  <testcase name="quiz3" time="11.228" classname="TestNGClasses.TestCase1"/>
  <testcase name="company" time="7.873" classname="TestNGClasses.TestCase1"/>
</testsuite> <!-- TestNGClasses.TestCase1 -->
