<?xml version="1.0" encoding="UTF-8"?>
<!-- Generated by org.testng.reporters.JUnitReportReporter -->
<testsuite skipped="0" hostname="IX8J8MHL3" name="TestNGClasses.TestCase3" tests="1" failures="0" timestamp="2022-07-04T15:22:49 IST" time="0.001" errors="0">
  <testcase name="study" time="0.001" classname="TestNGClasses.TestCase3"/>
</testsuite> <!-- TestNGClasses.TestCase3 -->
